app/proguard-rules.pro
# Add project specific ProGuard rules here.
-keepclassmembers class * {
    @android.webkit.JavascriptInterface <methods>;
}
-keepattributes *Annotation*
-keep class com.dump.app.** { *; }