app/build/outputs/mapping/release/seeds.txt
com.dump.app.R$layout
com.dump.app.R$mipmap
com.dump.app.R
com.dump.app.R$style
com.dump.app.MainActivity
com.dump.app.R$color
com.dump.app.MainActivity$1
com.dump.app.R$id
com.dump.app.MainActivity$2
com.dump.app.R$string
com.dump.app.R$drawable
com.dump.app.R$color: int surface
com.dump.app.R$drawable: int ic_vpn_block
com.dump.app.R$string: int app_name
com.dump.app.R$id: int errorRetryBtn
com.dump.app.MainActivity: boolean pageLoaded
com.dump.app.R$mipmap: int ic_launcher_round
com.dump.app.R$style: int AppTheme
com.dump.app.R$drawable: int shimmer_layer_1
com.dump.app.R$drawable: int shimmer_rounded
com.dump.app.MainActivity: int retryCount
com.dump.app.R$id: int vpnBlock
com.dump.app.MainActivity: android.widget.FrameLayout errorScreen
com.dump.app.MainActivity: boolean isRu
com.dump.app.MainActivity: android.webkit.ValueCallback filePathCallback
com.dump.app.R$drawable: int shimmer_circle
com.dump.app.R$color: int ic_launcher_background
com.dump.app.MainActivity: boolean destroyed
com.dump.app.R$color: int bg
com.dump.app.MainActivity: int MAX_RETRIES
com.dump.app.R$color: int surface_elevated
com.dump.app.R$id: int skeletonOverlay
com.dump.app.R$color: int error
com.dump.app.R$id: int errorScreen
com.dump.app.R$color: int shimmer_highlight
com.dump.app.R$id: int retryBtn
com.dump.app.MainActivity: android.os.Handler handler
com.dump.app.MainActivity: android.webkit.WebView webView
com.dump.app.MainActivity: android.widget.TextView errorMsg
com.dump.app.MainActivity$1: com.dump.app.MainActivity this$0
com.dump.app.MainActivity: java.lang.String DUMP_URL
com.dump.app.R$drawable: int shimmer_gradient
com.dump.app.R$id: int vpnDesc
com.dump.app.R$id: int loadingLogo
com.dump.app.R$id: int errorMsg
com.dump.app.R$drawable: int ic_error
com.dump.app.R$layout: int activity_main
com.dump.app.R$id: int vpnIcon
com.dump.app.MainActivity: java.util.concurrent.ExecutorService executor
com.dump.app.MainActivity: android.view.View loadingLogo
com.dump.app.R$mipmap: int ic_launcher_foreground
com.dump.app.MainActivity: java.lang.String GEO_API
com.dump.app.R$mipmap: int ic_launcher
com.dump.app.R$color: int error_bg
com.dump.app.MainActivity$2: com.dump.app.MainActivity this$0
com.dump.app.R$color: int text_muted
com.dump.app.R$color: int surface_hover
com.dump.app.MainActivity: android.view.View skeletonOverlay
com.dump.app.R$color: int text_main
com.dump.app.R$color: int shimmer_base
com.dump.app.MainActivity: android.widget.FrameLayout vpnBlock
com.dump.app.R$id: int webView
com.dump.app.MainActivity: void hideSkeleton()
com.dump.app.MainActivity: void startBreathing()
com.dump.app.MainActivity$1: MainActivity$1(com.dump.app.MainActivity)
com.dump.app.MainActivity: void lambda$onCreate$1(android.view.View)
com.dump.app.MainActivity: void onCreate(android.os.Bundle)
com.dump.app.R: R()
com.dump.app.MainActivity: void onActivityResult(int,int,android.content.Intent)
com.dump.app.MainActivity: void setupWebView()
com.dump.app.MainActivity: void lambda$onCreate$0(android.view.View)
com.dump.app.MainActivity: void onDestroy()
com.dump.app.R$style: R$style()
com.dump.app.MainActivity: void lambda$loadSite$5(android.content.DialogInterface,int)
com.dump.app.MainActivity: void lambda$startBreathing$2()
com.dump.app.MainActivity: void startSkeleton()
com.dump.app.MainActivity$2: void onPageFinished(android.webkit.WebView,java.lang.String)
com.dump.app.MainActivity: void checkIp()
com.dump.app.MainActivity: void loadSite()
com.dump.app.MainActivity$2: boolean shouldOverrideUrlLoading(android.webkit.WebView,android.webkit.WebResourceRequest)
com.dump.app.MainActivity: void onPause()
com.dump.app.MainActivity: void lambda$loadSite$6(android.content.DialogInterface,int)
com.dump.app.MainActivity: MainActivity()
com.dump.app.MainActivity: void showError(java.lang.String)
com.dump.app.MainActivity: void lambda$hideSkeleton$4()
com.dump.app.MainActivity: void lambda$startBreathing$3()
...
com.google.android.material.appbar.MaterialToolbar: void setNavigationIcon(android.graphics.drawable.Drawable)
androidx.appcompat.widget.LinearLayoutCompat: void setWeightSum(float)
androidx.core.view.WindowInsetsCompat$Impl20: void setRootViewData(androidx.core.graphics.Insets)
androidx.core.view.WindowInsetsCompat$Impl: androidx.core.graphics.Insets getTappableElementInsets()
androidx.appcompat.widget.AppCompatTextView: void setSupportCompoundDrawablesTintMode(android.graphics.PorterDuff$Mode)
org.chromium.support_lib_boundary.WebSettingsBoundaryInterface: void setAttributionBehavior(int)
androidx.core.view.MenuItemCompat$Api26Impl: java.lang.CharSequence getTooltipText(android.view.MenuItem)
androidx.core.content.res.FontResourcesParserCompat$Api21Impl: int getType(android.content.res.TypedArray,int)
com.google.android.material.textfield.TextInputLayout: com.google.android.material.shape.ShapeAppearanceModel getShapeAppearanceModel()
com.google.android.material.transformation.ExpandableBehavior: ExpandableBehavior()
androidx.coordinatorlayout.widget.CoordinatorLayout: CoordinatorLayout(android.content.Context,android.util.AttributeSet)
com.google.android.material.textfield.TextInputLayout: TextInputLayout(android.content.Context,android.util.AttributeSet)
androidx.constraintlayout.widget.Barrier: int getType()
androidx.core.view.ViewConfigurationCompat$Api28Impl: boolean shouldShowMenuShortcutsWhenKeyboardPresent(android.view.ViewConfiguration)
com.google.android.material.textfield.TextInputLayout: int getBoxStrokeWidthFocused()
com.google.android.material.carousel.CarouselLayoutManager: CarouselLayoutManager()
androidx.core.view.WindowInsetsCompat$Impl: boolean isConsumed()
androidx.appcompat.widget.AppCompatEditText: android.graphics.PorterDuff$Mode getSupportBackgroundTintMode()
com.google.android.material.textfield.TextInputLayout: int getBaseline()
com.google.android.material.textfield.TextInputLayout: java.lang.CharSequence getError()
com.google.android.material.button.MaterialButton: void setElevation(float)
com.google.android.material.appbar.MaterialToolbar: java.lang.Integer getNavigationIconTint()
androidx.appcompat.widget.ActionBarContainer: void setStackedBackground(android.graphics.drawable.Drawable)
com.google.android.material.textfield.TextInputLayout: void setPlaceholderTextColor(android.content.res.ColorStateList)
com.google.android.material.textfield.TextInputLayout: int getBoxBackgroundMode()
androidx.activity.ComponentActivity: androidx.activity.result.ActivityResultLauncher registerForActivityResult(androidx.activity.result.contract.ActivityResultContract,androidx.activity.result.ActivityResultRegistry,androidx.activity.result.ActivityResultCallback)
androidx.appcompat.widget.AppCompatEditText: void setSupportCompoundDrawablesTintMode(android.graphics.PorterDuff$Mode)
org.chromium.support_lib_boundary.WebSettingsBoundaryInterface: void setSafeBrowsingEnabled(boolean)
androidx.appcompat.widget.ActivityChooserView$InnerLayout: ActivityChooserView$InnerLayout(android.content.Context,android.util.AttributeSet)
androidx.core.view.WindowInsetsCompat$Impl29: androidx.core.graphics.Insets getMandatorySystemGestureInsets()
com.google.android.material.textfield.TextInputLayout: void setStartIconVisible(boolean)
com.google.android.material.textfield.MaterialAutoCompleteTextView: void setDropDownBackgroundTint(int)
androidx.appcompat.widget.AppCompatButton: void setAllCaps(boolean)
com.google.android.material.textfield.TextInputLayout: void setTextInputAccessibilityDelegate(com.google.android.material.textfield.TextInputLayout$AccessibilityDelegate)
androidx.appcompat.view.menu.ListMenuItemView: void setCheckable(boolean)
org.chromium.support_lib_boundary.ProfileBoundaryInterface: android.webkit.WebStorage getWebStorage()
androidx.appcompat.app.AlertController$RecycleListView: AlertController$RecycleListView(android.content.Context,android.util.AttributeSet)