app/build/outputs/mapping/release/usage.txt
androidx.appcompat.widget.ButtonBarLayout:
    public final int getNextVisibleChildIndex(int)
    public static boolean isStacked()
androidx.appcompat.widget.ContentFrameLayout$OnAttachListener:
    public abstract void onAttachedFromWindow()
    public abstract void onDetachedFromWindow()
androidx.appcompat.widget.ContentFrameLayout:
    public static void dispatchFitSystemWindows()
    public static void setDecorPadding()
androidx.appcompat.widget.DecorContentParent:
    public abstract boolean canShowOverflowMenu()
    public abstract void dismissPopups()
    public abstract boolean hideOverflowMenu()
    public abstract void initFeature(int)
    public abstract boolean isOverflowMenuShowPending()
    public abstract boolean isOverflowMenuShowing()
    public abstract void setMenu(androidx.appcompat.view.menu.MenuBuilder,androidx.appcompat.view.menu.MenuPresenter$Callback)
    public abstract void setMenuPrepared()
    public abstract boolean showOverflowMenu()
androidx.appcompat.widget.DecorToolbar:
    public abstract boolean canShowOverflowMenu()
    public abstract void collapseActionView()
    public abstract void dismissPopupMenus()
    public abstract android.content.Context getContext()
    public abstract int getDisplayOptions()
    public abstract android.view.Menu getMenu()
    public abstract int getNavigationMode()
    public abstract java.lang.CharSequence getTitle()
    public abstract android.view.ViewGroup getViewGroup()
    public abstract boolean hasExpandedActionView()
    public abstract boolean hideOverflowMenu()
    public abstract void initIndeterminateProgress()
    public abstract void initProgress()
    public abstract boolean isOverflowMenuShowPending()
    public abstract boolean isOverflowMenuShowing()
    public abstract void setCollapsible()
    public abstract void setDisplayOptions(int)
    public abstract void setEmbeddedTabView()
    public abstract void setHomeButtonEnabled()
    public abstract void setIcon()
    public abstract void setIcon(android.graphics.drawable.Drawable)
    public abstract void setLogo()
    public abstract void setMenu()
    public abstract void setMenuCallbacks()
    public abstract void setMenuPrepared()
    public abstract void setVisibility(int)
    public abstract void setWindowCallback()
    public abstract void setWindowTitle(java.lang.CharSequence)
    public abstract androidx.core.view.ViewPropertyAnimatorCompat setupAnimatorToVisibility(int,long)
androidx.appcompat.widget.DrawableUtils:
    public static final android.graphics.Rect INSETS_NONE
    public static boolean canSafelyMutateDrawable()
androidx.appcompat.widget.DropDownListView$GateKeeperDrawable:
    public static void setEnabled()
androidx.appcompat.widget.DropDownListView$ResolveHoverRunnable:
    public static void cancel()
    public static void post()
androidx.appcompat.widget.DropDownListView:
    public androidx.core.view.ViewPropertyAnimatorCompat mClickAnimation
    public static void clearPressedItem()
    public static void clickPressedItem()
    public static void drawSelectorCompat()
    public static void positionSelectorCompat()
    public static void positionSelectorLikeFocusCompat()
    public static void positionSelectorLikeTouchCompat()
    public static void setPressedItem()
    public final void setSelectorEnabled(boolean)
    public static boolean superIsSelectedChildViewEnabled()
    public static void superSetSelectedChildViewEnabled()
    public static boolean touchModeDrawsInPressedStateCompat()
    public final void updateSelectorStateCompat()
androidx.appcompat.widget.FitWindowsFrameLayout:
    public androidx.appcompat.widget.FitWindowsViewGroup$OnFitSystemWindowsListener mListener
androidx.appcompat.widget.FitWindowsLinearLayout:
    public androidx.appcompat.widget.FitWindowsViewGroup$OnFitSystemWindowsListener mListener
androidx.appcompat.widget.FitWindowsViewGroup$OnFitSystemWindowsListener:
    public abstract void onFitSystemWindows()